<?xml version="1.0" encoding="UTF-8"?>
<testng-results skipped="0" failed="0" total="1" passed="1">
  <reporter-output>
  </reporter-output>
  <suite name="Suite" duration-ms="17" started-at="2017-01-12T06:52:03Z" finished-at="2017-01-12T06:52:03Z">
    <groups>
    </groups>
    <test name="Test" duration-ms="17" started-at="2017-01-12T06:52:03Z" finished-at="2017-01-12T06:52:03Z">
      <class name="demojenkins.Demojenkinsjob">
        <test-method status="PASS" signature="testjenkins()[pri:0, instance:demojenkins.Demojenkinsjob@b5cdba]" name="testjenkins" duration-ms="5" started-at="2017-01-12T12:22:03Z" finished-at="2017-01-12T12:22:03Z">
          <reporter-output>
          </reporter-output>
        </test-method> <!-- testjenkins -->
      </class> <!-- demojenkins.Demojenkinsjob -->
    </test> <!-- Test -->
  </suite> <!-- Suite -->
</testng-results>
